Arguments: 
  /usr/local/Cellar/node/12.6.0/bin/node /usr/local/bin/yarn

PATH: 
  /var/folders/sh/3_7h4b6j5sv27j04ghpb83kc0000gn/T/yarn--1586868168405-0.4775575010900728:/Users/waibao/小程序/旅游小程序/code/node_modules/.bin:/Users/a/.config/yarn/link/node_modules/.bin:/usr/local/Cellar/node/12.6.0/libexec/lib/node_modules/npm/bin/node-gyp-bin:/usr/local/Cellar/node/12.6.0/lib/node_modules/npm/bin/node-gyp-bin:/usr/local/Cellar/node/12.6.0/bin/node_modules/npm/bin/node-gyp-bin:/usr/local/bin:/usr/bin:/bin:/usr/sbin:/sbin

Yarn version: 
  1.17.3

Node version: 
  12.6.0

Platform: 
  darwin x64

Trace: 
  Error: EINVAL: invalid argument, unlink '/Users/waibao/小程序/旅游小程序/code/node_modules/babel-plugin-minify-dead-code/node_modules/babel-core'

npm manifest: 
  {
  	"name": "code",
  	"version": "1.0.0",
  	"private": true,
  	"description": "",
  	"templateInfo": {
  		"name": "redux",
  		"typescript": false,
  		"css": "sass"
  	},
  	"scripts": {
  		"p": "taro update project",
  		"build:weapp": "taro build --type weapp",
  		"build:swan": "taro build --type swan",
  		"build:alipay": "taro build --type alipay",
  		"build:tt": "taro build --type tt",
  		"build:h5": "taro build --type h5",
  		"build:rn": "taro build --type rn",
  		"build:qq": "taro build --type qq",
  		"build:quickapp": "taro build --type quickapp",
  		"dev:weapp": "npm run build:weapp -- --watch",
  		"dev:swan": "npm run build:swan -- --watch",
  		"dev:alipay": "npm run build:alipay -- --watch",
  		"dev:tt": "npm run build:tt -- --watch",
  		"dev:h5": "npm run build:h5 -- --watch",
  		"dev:rn": "npm run build:rn -- --watch",
  		"dev:qq": "npm run build:qq -- --watch",
  		"dev:quickapp": "npm run build:quickapp -- --watch"
  	},
  	"author": "",
  	"license": "MIT",
  	"dependencies": {
  		"@tarojs/components": "2.1.4",
  		"@tarojs/components-qa": "2.1.4",
  		"@tarojs/redux": "2.1.4",
  		"@tarojs/redux-h5": "2.1.4",
  		"@tarojs/router": "2.1.4",
  		"@tarojs/taro": "2.1.4",
  		"@tarojs/taro-alipay": "2.1.4",
  		"@tarojs/taro-h5": "2.1.4",
  		"@tarojs/taro-qq": "2.1.4",
  		"@tarojs/taro-quickapp": "2.1.4",
  		"@tarojs/taro-swan": "2.1.4",
  		"@tarojs/taro-tt": "2.1.4",
  		"@tarojs/taro-weapp": "2.1.4",
  		"babel-runtime": "^6.26.0",
  		"nerv-devtools": "^1.5.6",
  		"nervjs": "^1.5.6",
  		"redux": "^4.0.0",
  		"redux-logger": "^3.0.6",
  		"redux-thunk": "^2.3.0",
  		"regenerator-runtime": "0.11.1",
  		"taro-ui": "^2.3.3"
  	},
  	"devDependencies": {
  		"@tarojs/cli": "2.1.4",
  		"@tarojs/mini-runner": "2.1.4",
  		"@tarojs/webpack-runner": "2.1.4",
  		"@types/react": "^16.4.8",
  		"@types/webpack-env": "^1.13.6",
  		"babel-eslint": "^8.2.3",
  		"babel-plugin-transform-class-properties": "^6.24.1",
  		"babel-plugin-transform-decorators-legacy": "^1.3.4",
  		"babel-plugin-transform-jsx-stylesheet": "^0.6.5",
  		"babel-plugin-transform-object-rest-spread": "^6.26.0",
  		"babel-plugin-transform-runtime": "^6.23.0",
  		"babel-preset-env": "^1.6.1",
  		"eslint": "^5.16.0",
  		"eslint-config-taro": "2.1.4",
  		"eslint-plugin-import": "^2.12.0",
  		"eslint-plugin-react": "^7.8.2",
  		"eslint-plugin-react-hooks": "^1.6.1",
  		"eslint-plugin-taro": "2.1.4",
  		"stylelint": "9.3.0",
  		"stylelint-config-taro-rn": "2.1.4",
  		"stylelint-taro-rn": "2.1.4"
  	}
  }

yarn manifest: 
  No manifest

Lockfile: 
  No lockfile
